Build started 4/29/2016 12:00:22 AM.
     1>Project "C:\Users\Timothy\Desktop\Final_Project\NYUCodebase\NYUCodebase\NYUCodebase.vcxproj" on node 2 (Build target(s)).
     1>ClCompile:
         C:\Program Files (x86)\Microsoft Visual Studio 12.0\VC\bin\CL.exe /c /IC:\SDL2\include /IC:\SDL2_image\include /IC:\glew\include /IC:\SDL2_mixer\include /ZI /nologo /W3 /WX- /sdl /Od /Oy- /D _WINDOWS /D _MBCS /D _MBCS /Gm /EHsc /RTC1 /MDd /GS /fp:precise /Zc:wchar_t /Zc:forScope /Fo"Debug\\" /Fd"Debug\vc120.pdb" /Gd /TP /analyze- /errorReport:prompt main.cpp
         main.cpp
     1>c:\users\timothy\desktop\final_project\nyucodebase\nyucodebase\main.cpp(100): warning C4244: 'initializing' : conversion from 'double' to 'float', possible loss of data
     1>c:\users\timothy\desktop\final_project\nyucodebase\nyucodebase\main.cpp(101): warning C4244: 'initializing' : conversion from 'double' to 'float', possible loss of data
     1>c:\users\timothy\desktop\final_project\nyucodebase\nyucodebase\main.cpp(127): warning C4244: 'initializing' : conversion from 'double' to 'float', possible loss of data
     1>c:\users\timothy\desktop\final_project\nyucodebase\nyucodebase\main.cpp(128): warning C4244: 'initializing' : conversion from 'double' to 'float', possible loss of data
     1>c:\users\timothy\desktop\final_project\nyucodebase\nyucodebase\main.cpp(155): warning C4244: 'initializing' : conversion from 'double' to 'float', possible loss of data
     1>c:\users\timothy\desktop\final_project\nyucodebase\nyucodebase\main.cpp(156): warning C4244: 'initializing' : conversion from 'double' to 'float', possible loss of data
     1>c:\users\timothy\desktop\final_project\nyucodebase\nyucodebase\main.cpp(186): warning C4244: 'initializing' : conversion from 'double' to 'float', possible loss of data
     1>c:\users\timothy\desktop\final_project\nyucodebase\nyucodebase\main.cpp(187): warning C4244: 'initializing' : conversion from 'double' to 'float', possible loss of data
     1>c:\users\timothy\desktop\final_project\nyucodebase\nyucodebase\main.cpp(214): warning C4018: '<' : signed/unsigned mismatch
     1>c:\users\timothy\desktop\final_project\nyucodebase\nyucodebase\main.cpp(267): warning C4305: 'argument' : truncation from 'double' to 'float'
     1>c:\users\timothy\desktop\final_project\nyucodebase\nyucodebase\main.cpp(284): warning C4305: 'argument' : truncation from 'double' to 'float'
     1>c:\users\timothy\desktop\final_project\nyucodebase\nyucodebase\main.cpp(324): warning C4305: 'argument' : truncation from 'double' to 'float'
     1>c:\users\timothy\desktop\final_project\nyucodebase\nyucodebase\main.cpp(394): warning C4244: 'initializing' : conversion from 'float' to 'int', possible loss of data
       Link:
         C:\Program Files (x86)\Microsoft Visual Studio 12.0\VC\bin\link.exe /ERRORREPORT:PROMPT /OUT:"C:\Users\Timothy\Desktop\Final_Project\NYUCodebase\Debug\NYUCodebase.exe" /INCREMENTAL /NOLOGO /LIBPATH:C:\SDL2_mixer\lib\x86 /LIBPATH:C:\SDL2\lib\x86 /LIBPATH:C:\SDL2_image\lib\x86 /LIBPATH:C:\glew\lib\Release\Win32 SDL2.lib SDL2_mixer.lib glew32.lib SDL2main.lib SDL2_image.lib OpenGL32.lib /MANIFEST /MANIFESTUAC:"level='asInvoker' uiAccess='false'" /manifest:embed /DEBUG /PDB:"C:\Users\Timothy\Desktop\Final_Project\NYUCodebase\Debug\NYUCodebase.pdb" /SUBSYSTEM:WINDOWS /TLBID:1 /DYNAMICBASE /NXCOMPAT /IMPLIB:"C:\Users\Timothy\Desktop\Final_Project\NYUCodebase\Debug\NYUCodebase.lib" /MACHINE:X86 Debug\main.obj
         Debug\Matrix.obj
         Debug\ShaderProgram.obj
         NYUCodebase.vcxproj -> C:\Users\Timothy\Desktop\Final_Project\NYUCodebase\Debug\NYUCodebase.exe
     1>Done Building Project "C:\Users\Timothy\Desktop\Final_Project\NYUCodebase\NYUCodebase\NYUCodebase.vcxproj" (Build target(s)).

Build succeeded.

Time Elapsed 00:00:01.69
